2021-12-22 22:54:25 — Home page opened
2021-12-22 22:55:35 — Home page opened
2021-12-22 22:56:15 — Home page opened
2021-12-22 22:56:15 — Home page initialized
2021-12-22 22:56:48 — Home page opened
2021-12-22 22:56:48 — Home page initialized
2021-12-22 22:57:40 — Home page opened
2021-12-22 22:57:40 — Home page initialized
2021-12-22 23:00:30 — Home page opened
2021-12-22 23:00:30 — Home page initialized
2021-12-22 23:57:45 — Home page opened
2021-12-22 23:57:45 — Home page initialized
2021-12-22 23:57:53 — Home page opened
2021-12-22 23:58:45 — Home page opened
2021-12-22 23:58:45 — Home page initialized
2021-12-22 23:58:50 — Home page opened
2021-12-23 00:03:05 — Home page opened
2021-12-23 00:03:05 — Home page initialized
2021-12-23 00:03:11 — Home page opened
2021-12-23 00:04:31 — Home page opened
2021-12-23 00:04:31 — Home page initialized
2021-12-23 00:04:35 — Home page opened
2021-12-23 00:05:58 — Home page opened
2021-12-23 00:05:58 — Home page initialized
2021-12-23 00:06:03 — Home page opened
2021-12-23 00:06:38 — Home page opened
2021-12-23 00:06:38 — Home page initialized
2021-12-23 00:06:43 — Home page opened
2021-12-23 00:08:49 — Home page opened
2021-12-23 00:08:49 — Home page initialized
2021-12-23 00:08:53 — Home page opened
2021-12-23 00:11:48 — Home page opened
2021-12-23 00:11:48 — Home page initialized
2021-12-23 00:11:48 — Home page opened
2021-12-23 00:12:22 — Home page opened
2021-12-23 00:12:22 — Home page initialized
2021-12-23 00:12:22 — Home page opened
2021-12-23 00:13:32 — Home page opened
2021-12-23 00:13:32 — Home page initialized
2021-12-23 00:13:32 — Home page opened
2021-12-23 00:15:34 — Home page opened
2021-12-23 00:15:34 — Home page initialized
2021-12-23 00:21:27 — Home page opened
2021-12-23 00:21:27 — Home page initialized
2021-12-23 00:21:34 — Home page opened
2021-12-23 00:21:36 — entered
2021-12-23 00:21:36 — clicked
2021-12-23 00:27:35 — Home page opened
2021-12-23 00:27:35 — Home page initialized
2021-12-23 00:27:39 — Home page opened
2021-12-23 00:27:40 — entered
2021-12-23 00:27:40 — clicked
2021-12-23 00:28:05 — Home page opened
2021-12-23 00:28:05 — Home page initialized
2021-12-23 00:28:09 — Home page opened
2021-12-23 00:28:10 — entered
2021-12-23 00:28:10 — clicked
2021-12-23 01:08:35 — Home page opened
2021-12-23 01:08:35 — Home page initialized
2021-12-23 01:08:42 — Home page opened
2021-12-23 01:08:43 — pop up displayed
2021-12-23 01:12:28 — Home page opened
2021-12-23 01:12:28 — Home page initialized
2021-12-23 01:12:33 — Home page opened
2021-12-23 01:12:34 — pop up displayed
2021-12-23 01:12:36 — Home page opened
2021-12-23 01:14:47 — Home page opened
2021-12-23 01:14:47 — Home page initialized
2021-12-23 01:14:51 — Home page opened
2021-12-23 01:14:53 — pop up displayed
2021-12-23 01:15:25 — Home page opened
2021-12-23 01:15:25 — Home page initialized
2021-12-23 01:15:29 — Home page opened
2021-12-23 01:15:31 — pop up displayed
2021-12-23 01:15:33 — Home page opened
2021-12-23 01:18:00 — Home page opened
2021-12-23 01:18:00 — Home page initialized
2021-12-23 01:18:04 — Home page opened
2021-12-23 01:18:05 — pop up displayed
2021-12-23 01:18:07 — Home page opened
2021-12-23 01:18:38 — Home page opened
2021-12-23 01:18:38 — Home page initialized
2021-12-23 01:18:42 — Home page opened
2021-12-23 01:18:44 — pop up displayed
2021-12-23 01:18:45 — Home page opened
2021-12-23 01:19:11 — Home page opened
2021-12-23 01:19:11 — Home page initialized
2021-12-23 01:19:16 — Home page opened
2021-12-23 01:19:17 — pop up displayed
2021-12-23 01:19:19 — Home page opened
2021-12-23 01:20:15 — Home page opened
2021-12-23 01:20:15 — Home page initialized
2021-12-23 01:20:20 — Home page opened
2021-12-23 01:20:21 — pop up displayed
2021-12-23 01:20:25 — Home page opened
2021-12-23 01:22:39 — Home page opened
2021-12-23 01:22:39 — Home page initialized
2021-12-23 01:22:44 — Home page opened
2021-12-23 01:22:45 — pop up displayed
2021-12-23 01:23:18 — Home page opened
2021-12-23 01:23:18 — Home page initialized
2021-12-23 01:23:22 — Home page opened
2021-12-23 01:23:23 — pop up displayed
2021-12-23 01:23:25 — Home page opened
2021-12-23 01:23:29 — destination entered
2021-12-23 01:23:29 — form filled
2021-12-23 01:23:29 — Hotels search form sent
2021-12-23 01:23:29 — Bookings page initialized
2021-12-23 01:24:46 — Home page opened
2021-12-23 01:24:46 — Home page initialized
2021-12-23 01:24:51 — Home page opened
2021-12-23 01:24:52 — pop up displayed
2021-12-23 01:24:53 — Home page opened
2021-12-23 01:24:57 — destination entered
2021-12-23 01:24:57 — form filled
2021-12-23 01:24:57 — Hotels search form sent
2021-12-23 01:24:57 — Bookings page initialized
2021-12-23 01:29:01 — Home page opened
2021-12-23 01:29:01 — Home page initialized
2021-12-23 01:29:05 — Home page opened
2021-12-23 01:29:06 — pop up displayed
2021-12-23 01:29:07 — Home page opened
2021-12-23 01:29:12 — destination entered
2021-12-23 01:29:12 — form filled
2021-12-23 01:29:12 — Hotels search form sent
2021-12-23 01:29:12 — open
2021-12-23 01:29:12 — Bookings page initialized
2021-12-23 01:30:41 — Home page opened
2021-12-23 01:30:41 — Home page initialized
2021-12-23 01:30:44 — Home page opened
2021-12-23 01:30:45 — pop up displayed
2021-12-23 01:30:46 — Home page opened
2021-12-23 01:30:50 — destination entered
2021-12-23 01:30:50 — form filled
2021-12-23 01:30:50 — Hotels search form sent
2021-12-23 01:30:50 — open
2021-12-23 01:30:50 — Bookings page initialized
2021-12-23 01:51:14 — Home page opened
2021-12-23 01:51:14 — Home page initialized
2021-12-23 01:51:19 — Home page opened
2021-12-23 01:51:20 — pop up displayed
2021-12-23 01:51:23 — Home page opened
2021-12-23 01:51:26 — destination entered
2021-12-23 01:51:26 — form filled
2021-12-23 01:51:26 — Hotels search form sent
2021-12-23 01:51:26 — open
2021-12-23 01:51:26 — Bookings page initialized
2021-12-23 01:52:55 — Home page opened
2021-12-23 01:52:55 — Home page initialized
2021-12-23 01:53:00 — Home page opened
2021-12-23 01:53:01 — pop up displayed
2021-12-23 01:53:05 — Home page opened
2021-12-23 01:53:09 — destination entered
2021-12-23 01:53:09 — form filled
2021-12-23 01:53:09 — Hotels search form sent
2021-12-23 01:53:09 — open
2021-12-23 01:53:09 — Bookings page initialized
2021-12-23 01:54:29 — Home page opened
2021-12-23 01:54:33 — destination entered
2021-12-23 01:54:33 — form filled
2021-12-23 01:54:33 — Hotels search form sent
2021-12-23 01:54:33 — open
2021-12-23 01:54:33 — Bookings page initialized
2021-12-23 01:56:22 — Home page opened
2021-12-23 01:56:26 — destination entered
2021-12-23 01:56:26 — form filled
2021-12-23 01:56:26 — Hotels search form sent
2021-12-23 01:56:26 — open
2021-12-23 01:56:26 — Bookings page initialized
2021-12-23 01:57:31 — Home page opened
2021-12-23 01:57:33 — destination entered
2021-12-23 01:57:33 — form filled
2021-12-23 01:57:33 — Hotels search form sent
2021-12-23 01:57:33 — open
2021-12-23 01:57:33 — Bookings page initialized
2021-12-23 02:00:01 — Home page opened
2021-12-23 02:00:01 — Home page initialized
2021-12-23 02:00:07 — Home page opened
2021-12-23 02:00:10 — pop up displayed
2021-12-23 02:00:15 — Home page opened
2021-12-23 02:00:19 — destination entered
2021-12-23 02:00:19 — form filled
2021-12-23 02:00:19 — Hotels search form sent
2021-12-23 02:00:19 — open
2021-12-23 02:00:19 — Bookings page initialized
2021-12-23 02:00:43 — Home page opened
2021-12-23 02:00:43 — Home page initialized
2021-12-23 02:00:48 — Home page opened
2021-12-23 02:00:49 — pop up displayed
2021-12-23 02:00:52 — Home page opened
2021-12-23 02:00:56 — destination entered
2021-12-23 02:00:56 — form filled
2021-12-23 02:00:56 — Hotels search form sent
2021-12-23 02:00:56 — open
2021-12-23 02:00:56 — Bookings page initialized
2021-12-23 02:02:37 — Home page opened
2021-12-23 02:02:37 — Home page initialized
2021-12-23 02:02:40 — Home page opened
2021-12-23 02:02:42 — pop up displayed
2021-12-23 02:02:46 — Home page opened
2021-12-23 02:02:48 — destination entered
2021-12-23 02:02:48 — form filled
2021-12-23 02:02:48 — Hotels search form sent
2021-12-23 02:02:48 — open
2021-12-23 02:02:48 — Bookings page initialized
2021-12-23 02:07:25 — Home page opened
2021-12-23 02:07:25 — Home page initialized
2021-12-23 02:07:30 — Home page opened
2021-12-23 02:07:32 — pop up displayed
2021-12-23 02:07:38 — Home page opened
2021-12-23 02:07:46 — destination entered
2021-12-23 02:07:46 — form filled
2021-12-23 02:07:46 — Hotels search form sent
2021-12-23 02:07:46 — open
2021-12-23 02:07:46 — Bookings page initialized
2021-12-23 02:10:11 — Home page opened
2021-12-23 02:10:11 — Home page initialized
2021-12-23 02:10:15 — Home page opened
2021-12-23 02:10:17 — pop up displayed
2021-12-23 02:10:19 — Home page opened
2021-12-23 02:10:22 — destination entered
2021-12-23 02:10:22 — form filled
2021-12-23 02:10:22 — Hotels search form sent
2021-12-23 02:10:22 — open
2021-12-23 02:10:22 — Bookings page initialized
2021-12-23 02:11:46 — Home page opened
2021-12-23 02:11:46 — Home page initialized
2021-12-23 02:11:48 — Home page opened
2021-12-23 02:11:51 — pop up displayed
2021-12-23 02:11:52 — Home page opened
2021-12-23 02:11:56 — destination entered
2021-12-23 02:11:56 — form filled
2021-12-23 02:11:56 — Hotels search form sent
2021-12-23 02:11:56 — open
2021-12-23 02:11:56 — Bookings page initialized
2021-12-23 07:39:42 — Home page opened
2021-12-23 07:39:42 — Home page initialized
2021-12-23 07:39:47 — Home page opened
2021-12-23 07:39:50 — pop up displayed
2021-12-23 07:39:53 — Home page opened
2021-12-23 07:39:58 — destination entered
2021-12-23 07:39:58 — form filled
2021-12-23 07:39:58 — Hotels search form sent
2021-12-23 07:39:58 — open
2021-12-23 07:39:58 — Bookings page initialized
2021-12-23 07:41:43 — Home page opened
2021-12-23 07:41:43 — Home page initialized
2021-12-23 07:41:46 — Home page opened
2021-12-23 07:41:47 — pop up displayed
2021-12-23 07:41:48 — Home page opened
2021-12-23 07:41:51 — destination entered
2021-12-23 07:41:51 — form filled
2021-12-23 07:41:51 — Hotels search form sent
2021-12-23 07:41:51 — open
2021-12-23 07:41:51 — Bookings page initialized
2021-12-23 07:45:31 — Home page opened
2021-12-23 07:45:35 — destination entered
2021-12-23 07:45:35 — 
2021-12-23 07:45:35 — Hotels search form sent
2021-12-23 07:45:35 — open
2021-12-23 07:45:35 — Bookings page initialized
2021-12-23 07:46:57 — Home page opened
2021-12-23 07:47:00 — destination entered
2021-12-23 07:47:00 — form filled
2021-12-23 07:47:00 — Hotels search form sent
2021-12-23 07:47:00 — open
2021-12-23 07:47:00 — Bookings page initialized
2021-12-23 07:49:50 — Home page opened
2021-12-23 07:49:52 — Hotels search form sent
2021-12-23 07:49:52 — open
2021-12-23 07:49:52 — Bookings page initialized
2021-12-23 07:58:04 — Home page opened
2021-12-23 07:58:04 — Home page initialized
2021-12-23 07:58:10 — Home page opened
2021-12-23 07:58:11 — pop up displayed
2021-12-23 07:58:13 — Home page opened
2021-12-23 07:58:16 — Hotels search form sent
2021-12-23 07:58:16 — open
2021-12-23 07:58:16 — Experiences page initialized
2021-12-23 08:24:26 — Home page opened
2021-12-23 08:24:26 — Home page initialized
2021-12-23 08:24:32 — Home page opened
2021-12-23 08:24:33 — pop up displayed
2021-12-23 08:24:34 — Home page opened
2021-12-23 08:24:37 — Hotels search form sent
2021-12-23 08:24:37 — open
2021-12-23 08:24:37 — Experiences page initialized
2021-12-23 08:25:41 — Bookings page initialized
2021-12-23 08:25:41 — Home page opened
2021-12-23 08:25:41 — Home page initialized
2021-12-23 08:25:44 — Home page opened
2021-12-23 08:25:46 — pop up displayed
2021-12-23 08:25:50 — Home page opened
2021-12-23 08:25:53 — Hotels search form sent
2021-12-23 08:25:53 — open
2021-12-23 08:25:53 — Experiences page initialized
2021-12-23 08:39:24 — Bookings page initialized
2021-12-23 08:39:24 — Home page opened
2021-12-23 08:39:24 — Home page initialized
2021-12-23 08:39:31 — Home page opened
2021-12-23 08:39:33 — pop up displayed
2021-12-23 08:39:34 — Home page opened
2021-12-23 08:39:39 — Hotels search form sent
2021-12-23 08:39:39 — open
2021-12-23 08:39:39 — Experiences page initialized
2021-12-23 08:57:30 — Home page opened
2021-12-23 08:57:30 — Home page initialized
2021-12-23 08:57:34 — Home page opened
2021-12-23 08:57:35 — pop up displayed
2021-12-23 08:57:37 — Home page opened
2021-12-23 08:57:41 — Hotels search form sent
2021-12-23 08:57:41 — open
2021-12-23 08:57:41 — Experiences page initialized
2021-12-23 08:58:18 — Home page opened
2021-12-23 08:58:18 — Home page initialized
2021-12-23 08:58:18 — Bookings page initialized
2021-12-23 08:58:22 — Home page opened
2021-12-23 08:58:23 — pop up displayed
2021-12-23 08:58:28 — Home page opened
2021-12-23 08:58:33 — Hotels search form sent
2021-12-23 08:58:33 — open
2021-12-23 08:58:33 — Experiences page initialized
2021-12-23 08:59:20 — Home page opened
2021-12-23 08:59:20 — Home page initialized
2021-12-23 08:59:20 — Bookings page initialized
2021-12-23 08:59:25 — Home page opened
2021-12-23 08:59:26 — pop up displayed
2021-12-23 08:59:28 — Home page opened
2021-12-23 08:59:33 — Hotels search form sent
2021-12-23 08:59:33 — open
2021-12-23 08:59:33 — Experiences page initialized
2021-12-23 09:01:48 — Bookings page initialized
2021-12-23 09:03:18 — Bookings page initialized
2021-12-23 09:04:07 — Bookings page initialized
2021-12-23 09:04:48 — Bookings page initialized
2021-12-23 09:06:09 — Bookings page initialized
2021-12-23 09:06:20 — 2000
2021-12-23 09:06:20 — 10000
2021-12-23 09:07:25 — Bookings page initialized
2021-12-23 09:07:36 — 2000
2021-12-23 09:07:36 — 10000
2021-12-23 09:10:48 — Bookings page initialized
2021-12-23 09:10:59 — 2000
2021-12-23 09:10:59 — 10000
2021-12-23 09:12:25 — Bookings page initialized
2021-12-23 09:12:32 — 2000
2021-12-23 09:12:32 — 10000
2021-12-23 09:12:45 — Bookings page initialized
2021-12-23 09:12:55 — 2000
2021-12-23 09:12:55 — 10000
2021-12-23 09:14:04 — Bookings page initialized
2021-12-23 09:14:11 — 2000
2021-12-23 09:14:11 — 10000
2021-12-23 09:16:28 — Bookings page initialized
2021-12-23 09:16:38 — 2000
2021-12-23 09:16:38 — 10000
2021-12-23 09:17:04 — Bookings page initialized
2021-12-23 09:17:17 — 50000
2021-12-23 09:17:17 — 70000
2021-12-23 09:24:00 — Bookings page initialized
2021-12-23 09:24:10 — 50000
2021-12-23 09:24:10 — 70000
2021-12-23 09:24:29 — Bookings page initialized
2021-12-23 09:24:41 — 50000
2021-12-23 09:24:41 — 70000
2021-12-23 09:25:15 — Bookings page initialized
2021-12-23 09:25:28 — 50000
2021-12-23 09:25:28 — 70000
2021-12-23 09:26:36 — Bookings page initialized
2021-12-23 09:26:48 — 50000
2021-12-23 09:26:48 — 70000
2021-12-23 09:27:22 — Bookings page initialized
2021-12-23 09:27:32 — 50000
2021-12-23 09:27:32 — 70000
2021-12-23 09:28:22 — Bookings page initialized
2021-12-23 09:28:33 — clicked
2021-12-23 09:28:33 — 50000
2021-12-23 09:28:33 — 70000
2021-12-23 09:28:33 — filled
2021-12-23 09:28:33 — saved
2021-12-23 09:30:03 — Bookings page initialized
2021-12-23 09:30:12 — clicked
2021-12-23 09:30:12 — 50000
2021-12-23 09:30:12 — 70000
2021-12-23 09:30:12 — filled
2021-12-23 09:30:12 — saved
2021-12-23 09:33:50 — Bookings page initialized
2021-12-23 09:33:58 — clicked
2021-12-23 09:33:58 — 50000
2021-12-23 09:33:58 — 70000
2021-12-23 09:33:59 — filled
2021-12-23 09:33:59 — saved
2021-12-23 09:35:53 — Bookings page initialized
2021-12-23 09:36:02 — clicked
2021-12-23 09:36:02 — 50000
2021-12-23 09:36:02 — 70000
2021-12-23 09:36:02 — filled
2021-12-23 09:36:02 — saved
2021-12-23 09:42:10 — Bookings page initialized
2021-12-23 09:42:20 — clicked
2021-12-23 09:42:20 — 50000
2021-12-23 09:42:20 — 70000
2021-12-23 09:42:20 — filled
2021-12-23 09:44:36 — Bookings page initialized
2021-12-23 09:44:43 — clicked
2021-12-23 09:44:43 — 50000
2021-12-23 09:44:43 — 70000
2021-12-23 09:44:44 — filled
2021-12-23 09:45:02 — Bookings page initialized
2021-12-23 09:45:10 — clicked
2021-12-23 09:45:10 — 50000
2021-12-23 09:45:10 — 70000
2021-12-23 09:45:11 — filled
2021-12-23 09:45:11 — saved
2021-12-23 09:46:12 — Bookings page initialized
2021-12-23 09:46:22 — clicked
2021-12-23 09:46:22 — 50000
2021-12-23 09:46:22 — 70000
2021-12-23 09:46:23 — filled
2021-12-23 09:46:23 — saved
2021-12-23 09:49:00 — Bookings page initialized
2021-12-23 09:49:11 — clicked
2021-12-23 09:49:11 — 50000
2021-12-23 09:49:11 — 70000
2021-12-23 09:49:11 — filled
2021-12-23 09:49:38 — Bookings page initialized
2021-12-23 09:50:10 — Bookings page initialized
2021-12-23 09:50:18 — clicked
2021-12-23 09:50:18 — 50000
2021-12-23 09:50:18 — 70000
2021-12-23 09:50:19 — filled
2021-12-23 09:50:20 — saved
2021-12-23 09:51:09 — Bookings page initialized
2021-12-23 09:51:17 — clicked
2021-12-23 09:51:17 — 50000
2021-12-23 09:51:17 — 70000
2021-12-23 09:51:17 — filled
2021-12-23 09:51:18 — saved
2021-12-23 09:53:29 — Bookings page initialized
2021-12-23 09:53:36 — clicked
2021-12-23 09:53:36 — 50000
2021-12-23 09:53:36 — 70000
2021-12-23 09:53:37 — filled
2021-12-23 09:53:37 — saved
2021-12-23 10:02:47 — Bookings page initialized
2021-12-23 10:02:54 — clicked
2021-12-23 10:02:54 — 50000
2021-12-23 10:02:54 — 70000
2021-12-23 10:02:55 — filled
2021-12-23 10:02:55 — saved
2021-12-23 10:04:13 — Bookings page initialized
2021-12-23 10:04:20 — clicked
2021-12-23 10:04:20 — 50000
2021-12-23 10:04:20 — 70000
2021-12-23 10:04:21 — filled
2021-12-23 10:04:21 — saved
2021-12-23 10:06:56 — Bookings page initialized
2021-12-23 10:07:03 — clicked
2021-12-23 10:07:04 — 50000
2021-12-23 10:07:04 — 70000
2021-12-23 10:07:04 — filled
2021-12-23 10:07:05 — saved
2021-12-23 10:13:10 — Bookings page initialized
2021-12-23 10:13:18 — clicked
2021-12-23 10:13:18 — 50000
2021-12-23 10:13:18 — 70000
2021-12-23 10:13:19 — filled
2021-12-23 10:13:19 — saved
2021-12-23 10:20:54 — Bookings page initialized
2021-12-23 10:21:22 — Bookings page initialized
2021-12-23 10:21:48 — Bookings page initialized
2021-12-23 10:24:18 — Bookings page initialized
2021-12-23 10:37:02 — Bookings page initialized
2021-12-23 10:37:17 — clicked
2021-12-23 10:37:17 — 50000
2021-12-23 10:37:17 — 70000
2021-12-23 10:37:18 — filled
2021-12-23 10:37:42 — Bookings page initialized
2021-12-23 10:37:54 — clicked
2021-12-23 10:37:54 — 50000
2021-12-23 10:37:54 — 70000
2021-12-23 10:37:55 — filled
2021-12-23 10:39:45 — Bookings page initialized
2021-12-23 10:39:56 — clicked
2021-12-23 10:39:56 — 50000
2021-12-23 10:39:56 — 70000
2021-12-23 10:39:57 — filled
2021-12-23 10:40:50 — Bookings page initialized
2021-12-23 10:41:04 — clicked
2021-12-23 10:41:04 — 50000
2021-12-23 10:41:04 — 70000
2021-12-23 10:41:04 — filled
2021-12-23 10:42:04 — Bookings page initialized
2021-12-23 10:42:16 — clicked
2021-12-23 10:42:16 — 50000
2021-12-23 10:42:16 — 70000
2021-12-23 10:42:17 — filled
2021-12-23 10:46:44 — Bookings page initialized
2021-12-23 10:46:55 — clicked
2021-12-23 10:46:55 — 740
2021-12-23 10:46:55 — 50000+
2021-12-23 10:46:56 — filled
2021-12-23 10:47:08 — Bookings page initialized
2021-12-23 10:47:19 — clicked
2021-12-23 10:47:19 — 740
2021-12-23 10:47:19 — 50000+
2021-12-23 10:47:20 — filled
2021-12-23 10:58:11 — Home page opened
2021-12-23 10:58:11 — Home page initialized
2021-12-23 10:58:16 — Home page opened
2021-12-23 10:58:19 — pop up displayed
2021-12-23 10:58:22 — Home page opened
2021-12-23 10:58:30 — Hotels search form sent
2021-12-23 10:58:30 — open
2021-12-23 10:58:30 — Experiences page initialized
2021-12-23 11:01:27 — Home page opened
2021-12-23 11:01:28 — Home page initialized
2021-12-23 11:01:32 — Home page opened
2021-12-23 11:01:33 — pop up displayed
2021-12-23 11:01:34 — Home page opened
2021-12-23 11:01:39 — Hotels search form sent
2021-12-23 11:01:39 — open
2021-12-23 11:01:39 — Experiences page initialized
